Performing C SOURCE FILE Test HAVE_GCC_PREFERRED_STACK_BOUNDARY failed with the following output:
Change Dir: /home/ekin/Projects/ICE/build/CMakeFiles/CMakeTmp

Run Build Command(s):/usr/bin/gmake cmTC_21eb5/fast && /usr/bin/gmake  -f CMakeFiles/cmTC_21eb5.dir/build.make CMakeFiles/cmTC_21eb5.dir/build
gmake[1]: Entering directory '/home/ekin/Projects/ICE/build/CMakeFiles/CMakeTmp'
Building C object CMakeFiles/cmTC_21eb5.dir/src.c.o
/usr/bin/cc   -g -O3 -idirafter "/home/ekin/Projects/ICE/extern/SDL2/src/video/khronos" -DHAVE_GCC_PREFERRED_STACK_BOUNDARY -mpreferred-stack-boundary=2 -o CMakeFiles/cmTC_21eb5.dir/src.c.o -c /home/ekin/Projects/ICE/build/CMakeFiles/CMakeTmp/src.c
cc1: error: ‘-mpreferred-stack-boundary=2’ is not between 3 and 12
gmake[1]: *** [CMakeFiles/cmTC_21eb5.dir/build.make:85: CMakeFiles/cmTC_21eb5.dir/src.c.o] Error 1
gmake[1]: Leaving directory '/home/ekin/Projects/ICE/build/CMakeFiles/CMakeTmp'
gmake: *** [Makefile:140: cmTC_21eb5/fast] Error 2


Source file was:
int x = 0; int main(int argc, char **argv) {}
Performing C SOURCE FILE Test HAVE_ALTIVEC_H_HDR failed with the following output:
Change Dir: /home/ekin/Projects/ICE/build/CMakeFiles/CMakeTmp

Run Build Command(s):/usr/bin/gmake cmTC_59aeb/fast && /usr/bin/gmake  -f CMakeFiles/cmTC_59aeb.dir/build.make CMakeFiles/cmTC_59aeb.dir/build
gmake[1]: Entering directory '/home/ekin/Projects/ICE/build/CMakeFiles/CMakeTmp'
Building C object CMakeFiles/cmTC_59aeb.dir/src.c.o
/usr/bin/cc   -g -O3 -idirafter "/home/ekin/Projects/ICE/extern/SDL2/src/video/khronos" -DHAVE_ALTIVEC_H_HDR -maltivec -o CMakeFiles/cmTC_59aeb.dir/src.c.o -c /home/ekin/Projects/ICE/build/CMakeFiles/CMakeTmp/src.c
cc: error: unrecognized command-line option ‘-maltivec’
gmake[1]: *** [CMakeFiles/cmTC_59aeb.dir/build.make:85: CMakeFiles/cmTC_59aeb.dir/src.c.o] Error 1
gmake[1]: Leaving directory '/home/ekin/Projects/ICE/build/CMakeFiles/CMakeTmp'
gmake: *** [Makefile:140: cmTC_59aeb/fast] Error 2


Source file was:

          #include <altivec.h>
          vector unsigned int vzero() {
              return vec_splat_u32(0);
          }
          int main(int argc, char **argv) { }
Performing C SOURCE FILE Test HAVE_ALTIVEC failed with the following output:
Change Dir: /home/ekin/Projects/ICE/build/CMakeFiles/CMakeTmp

Run Build Command(s):/usr/bin/gmake cmTC_92b58/fast && /usr/bin/gmake  -f CMakeFiles/cmTC_92b58.dir/build.make CMakeFiles/cmTC_92b58.dir/build
gmake[1]: Entering directory '/home/ekin/Projects/ICE/build/CMakeFiles/CMakeTmp'
Building C object CMakeFiles/cmTC_92b58.dir/src.c.o
/usr/bin/cc   -g -O3 -idirafter "/home/ekin/Projects/ICE/extern/SDL2/src/video/khronos" -DHAVE_ALTIVEC -maltivec -o CMakeFiles/cmTC_92b58.dir/src.c.o -c /home/ekin/Projects/ICE/build/CMakeFiles/CMakeTmp/src.c
cc: error: unrecognized command-line option ‘-maltivec’
gmake[1]: *** [CMakeFiles/cmTC_92b58.dir/build.make:85: CMakeFiles/cmTC_92b58.dir/src.c.o] Error 1
gmake[1]: Leaving directory '/home/ekin/Projects/ICE/build/CMakeFiles/CMakeTmp'
gmake: *** [Makefile:140: cmTC_92b58/fast] Error 2


Source file was:

          vector unsigned int vzero() {
              return vec_splat_u32(0);
          }
          int main(int argc, char **argv) { }
Determining if the include file libunwind.h exists failed with the following output:
Change Dir: /home/ekin/Projects/ICE/build/CMakeFiles/CMakeTmp

Run Build Command(s):/usr/bin/gmake cmTC_b86ff/fast && /usr/bin/gmake  -f CMakeFiles/cmTC_b86ff.dir/build.make CMakeFiles/cmTC_b86ff.dir/build
gmake[1]: Entering directory '/home/ekin/Projects/ICE/build/CMakeFiles/CMakeTmp'
Building C object CMakeFiles/cmTC_b86ff.dir/CheckIncludeFile.c.o
/usr/bin/cc   -g -O3 -idirafter "/home/ekin/Projects/ICE/extern/SDL2/src/video/khronos"  -o CMakeFiles/cmTC_b86ff.dir/CheckIncludeFile.c.o -c /home/ekin/Projects/ICE/build/CMakeFiles/CMakeTmp/CheckIncludeFile.c
/home/ekin/Projects/ICE/build/CMakeFiles/CMakeTmp/CheckIncludeFile.c:1:10: fatal error: libunwind.h: No such file or directory
    1 | #include <libunwind.h>
      |          ^~~~~~~~~~~~~
compilation terminated.
gmake[1]: *** [CMakeFiles/cmTC_b86ff.dir/build.make:85: CMakeFiles/cmTC_b86ff.dir/CheckIncludeFile.c.o] Error 1
gmake[1]: Leaving directory '/home/ekin/Projects/ICE/build/CMakeFiles/CMakeTmp'
gmake: *** [Makefile:140: cmTC_b86ff/fast] Error 2



Determining if the strlcpy exist failed with the following output:
Change Dir: /home/ekin/Projects/ICE/build/CMakeFiles/CMakeTmp

Run Build Command(s):/usr/bin/gmake cmTC_98c19/fast && /usr/bin/gmake  -f CMakeFiles/cmTC_98c19.dir/build.make CMakeFiles/cmTC_98c19.dir/build
gmake[1]: Entering directory '/home/ekin/Projects/ICE/build/CMakeFiles/CMakeTmp'
Building C object CMakeFiles/cmTC_98c19.dir/CheckSymbolExists.c.o
/usr/bin/cc   -g -O3 -idirafter "/home/ekin/Projects/ICE/extern/SDL2/src/video/khronos"  -o CMakeFiles/cmTC_98c19.dir/CheckSymbolExists.c.o -c /home/ekin/Projects/ICE/build/CMakeFiles/CMakeTmp/CheckSymbolExists.c
/home/ekin/Projects/ICE/build/CMakeFiles/CMakeTmp/CheckSymbolExists.c: In function ‘main’:
/home/ekin/Projects/ICE/build/CMakeFiles/CMakeTmp/CheckSymbolExists.c:14:19: error: ‘strlcpy’ undeclared (first use in this function); did you mean ‘strncpy’?
   14 |   return ((int*)(&strlcpy))[argc];
      |                   ^~~~~~~
      |                   strncpy
/home/ekin/Projects/ICE/build/CMakeFiles/CMakeTmp/CheckSymbolExists.c:14:19: note: each undeclared identifier is reported only once for each function it appears in
gmake[1]: *** [CMakeFiles/cmTC_98c19.dir/build.make:85: CMakeFiles/cmTC_98c19.dir/CheckSymbolExists.c.o] Error 1
gmake[1]: Leaving directory '/home/ekin/Projects/ICE/build/CMakeFiles/CMakeTmp'
gmake: *** [Makefile:140: cmTC_98c19/fast] Error 2


File /home/ekin/Projects/ICE/build/CMakeFiles/CMakeTmp/CheckSymbolExists.c:
/* */
#include <stddef.h>
#include <stdarg.h>
#include <stdlib.h>
#include <string.h>
#include <stdio.h>
#include <wchar.h>
#include <float.h>

int main(int argc, char** argv)
{
  (void)argv;
#ifndef strlcpy
  return ((int*)(&strlcpy))[argc];
#else
  (void)argc;
  return 0;
#endif
}
Determining if the strlcat exist failed with the following output:
Change Dir: /home/ekin/Projects/ICE/build/CMakeFiles/CMakeTmp

Run Build Command(s):/usr/bin/gmake cmTC_dce85/fast && /usr/bin/gmake  -f CMakeFiles/cmTC_dce85.dir/build.make CMakeFiles/cmTC_dce85.dir/build
gmake[1]: Entering directory '/home/ekin/Projects/ICE/build/CMakeFiles/CMakeTmp'
Building C object CMakeFiles/cmTC_dce85.dir/CheckSymbolExists.c.o
/usr/bin/cc   -g -O3 -idirafter "/home/ekin/Projects/ICE/extern/SDL2/src/video/khronos"  -o CMakeFiles/cmTC_dce85.dir/CheckSymbolExists.c.o -c /home/ekin/Projects/ICE/build/CMakeFiles/CMakeTmp/CheckSymbolExists.c
/home/ekin/Projects/ICE/build/CMakeFiles/CMakeTmp/CheckSymbolExists.c: In function ‘main’:
/home/ekin/Projects/ICE/build/CMakeFiles/CMakeTmp/CheckSymbolExists.c:14:19: error: ‘strlcat’ undeclared (first use in this function); did you mean ‘strncat’?
   14 |   return ((int*)(&strlcat))[argc];
      |                   ^~~~~~~
      |                   strncat
/home/ekin/Projects/ICE/build/CMakeFiles/CMakeTmp/CheckSymbolExists.c:14:19: note: each undeclared identifier is reported only once for each function it appears in
gmake[1]: *** [CMakeFiles/cmTC_dce85.dir/build.make:85: CMakeFiles/cmTC_dce85.dir/CheckSymbolExists.c.o] Error 1
gmake[1]: Leaving directory '/home/ekin/Projects/ICE/build/CMakeFiles/CMakeTmp'
gmake: *** [Makefile:140: cmTC_dce85/fast] Error 2


File /home/ekin/Projects/ICE/build/CMakeFiles/CMakeTmp/CheckSymbolExists.c:
/* */
#include <stddef.h>
#include <stdarg.h>
#include <stdlib.h>
#include <string.h>
#include <stdio.h>
#include <wchar.h>
#include <float.h>

int main(int argc, char** argv)
{
  (void)argv;
#ifndef strlcat
  return ((int*)(&strlcat))[argc];
#else
  (void)argc;
  return 0;
#endif
}
Determining if the _strrev exist failed with the following output:
Change Dir: /home/ekin/Projects/ICE/build/CMakeFiles/CMakeTmp

Run Build Command(s):/usr/bin/gmake cmTC_cabd5/fast && /usr/bin/gmake  -f CMakeFiles/cmTC_cabd5.dir/build.make CMakeFiles/cmTC_cabd5.dir/build
gmake[1]: Entering directory '/home/ekin/Projects/ICE/build/CMakeFiles/CMakeTmp'
Building C object CMakeFiles/cmTC_cabd5.dir/CheckSymbolExists.c.o
/usr/bin/cc   -g -O3 -idirafter "/home/ekin/Projects/ICE/extern/SDL2/src/video/khronos"  -o CMakeFiles/cmTC_cabd5.dir/CheckSymbolExists.c.o -c /home/ekin/Projects/ICE/build/CMakeFiles/CMakeTmp/CheckSymbolExists.c
/home/ekin/Projects/ICE/build/CMakeFiles/CMakeTmp/CheckSymbolExists.c: In function ‘main’:
/home/ekin/Projects/ICE/build/CMakeFiles/CMakeTmp/CheckSymbolExists.c:14:19: error: ‘_strrev’ undeclared (first use in this function)
   14 |   return ((int*)(&_strrev))[argc];
      |                   ^~~~~~~
/home/ekin/Projects/ICE/build/CMakeFiles/CMakeTmp/CheckSymbolExists.c:14:19: note: each undeclared identifier is reported only once for each function it appears in
gmake[1]: *** [CMakeFiles/cmTC_cabd5.dir/build.make:85: CMakeFiles/cmTC_cabd5.dir/CheckSymbolExists.c.o] Error 1
gmake[1]: Leaving directory '/home/ekin/Projects/ICE/build/CMakeFiles/CMakeTmp'
gmake: *** [Makefile:140: cmTC_cabd5/fast] Error 2


File /home/ekin/Projects/ICE/build/CMakeFiles/CMakeTmp/CheckSymbolExists.c:
/* */
#include <stddef.h>
#include <stdarg.h>
#include <stdlib.h>
#include <string.h>
#include <stdio.h>
#include <wchar.h>
#include <float.h>

int main(int argc, char** argv)
{
  (void)argv;
#ifndef _strrev
  return ((int*)(&_strrev))[argc];
#else
  (void)argc;
  return 0;
#endif
}
Determining if the _strupr exist failed with the following output:
Change Dir: /home/ekin/Projects/ICE/build/CMakeFiles/CMakeTmp

Run Build Command(s):/usr/bin/gmake cmTC_84a72/fast && /usr/bin/gmake  -f CMakeFiles/cmTC_84a72.dir/build.make CMakeFiles/cmTC_84a72.dir/build
gmake[1]: Entering directory '/home/ekin/Projects/ICE/build/CMakeFiles/CMakeTmp'
Building C object CMakeFiles/cmTC_84a72.dir/CheckSymbolExists.c.o
/usr/bin/cc   -g -O3 -idirafter "/home/ekin/Projects/ICE/extern/SDL2/src/video/khronos"  -o CMakeFiles/cmTC_84a72.dir/CheckSymbolExists.c.o -c /home/ekin/Projects/ICE/build/CMakeFiles/CMakeTmp/CheckSymbolExists.c
/home/ekin/Projects/ICE/build/CMakeFiles/CMakeTmp/CheckSymbolExists.c: In function ‘main’:
/home/ekin/Projects/ICE/build/CMakeFiles/CMakeTmp/CheckSymbolExists.c:14:19: error: ‘_strupr’ undeclared (first use in this function)
   14 |   return ((int*)(&_strupr))[argc];
      |                   ^~~~~~~
/home/ekin/Projects/ICE/build/CMakeFiles/CMakeTmp/CheckSymbolExists.c:14:19: note: each undeclared identifier is reported only once for each function it appears in
gmake[1]: *** [CMakeFiles/cmTC_84a72.dir/build.make:85: CMakeFiles/cmTC_84a72.dir/CheckSymbolExists.c.o] Error 1
gmake[1]: Leaving directory '/home/ekin/Projects/ICE/build/CMakeFiles/CMakeTmp'
gmake: *** [Makefile:140: cmTC_84a72/fast] Error 2


File /home/ekin/Projects/ICE/build/CMakeFiles/CMakeTmp/CheckSymbolExists.c:
/* */
#include <stddef.h>
#include <stdarg.h>
#include <stdlib.h>
#include <string.h>
#include <stdio.h>
#include <wchar.h>
#include <float.h>

int main(int argc, char** argv)
{
  (void)argv;
#ifndef _strupr
  return ((int*)(&_strupr))[argc];
#else
  (void)argc;
  return 0;
#endif
}
Determining if the _strlwr exist failed with the following output:
Change Dir: /home/ekin/Projects/ICE/build/CMakeFiles/CMakeTmp

Run Build Command(s):/usr/bin/gmake cmTC_fc7de/fast && /usr/bin/gmake  -f CMakeFiles/cmTC_fc7de.dir/build.make CMakeFiles/cmTC_fc7de.dir/build
gmake[1]: Entering directory '/home/ekin/Projects/ICE/build/CMakeFiles/CMakeTmp'
Building C object CMakeFiles/cmTC_fc7de.dir/CheckSymbolExists.c.o
/usr/bin/cc   -g -O3 -idirafter "/home/ekin/Projects/ICE/extern/SDL2/src/video/khronos"  -o CMakeFiles/cmTC_fc7de.dir/CheckSymbolExists.c.o -c /home/ekin/Projects/ICE/build/CMakeFiles/CMakeTmp/CheckSymbolExists.c
/home/ekin/Projects/ICE/build/CMakeFiles/CMakeTmp/CheckSymbolExists.c: In function ‘main’:
/home/ekin/Projects/ICE/build/CMakeFiles/CMakeTmp/CheckSymbolExists.c:14:19: error: ‘_strlwr’ undeclared (first use in this function)
   14 |   return ((int*)(&_strlwr))[argc];
      |                   ^~~~~~~
/home/ekin/Projects/ICE/build/CMakeFiles/CMakeTmp/CheckSymbolExists.c:14:19: note: each undeclared identifier is reported only once for each function it appears in
gmake[1]: *** [CMakeFiles/cmTC_fc7de.dir/build.make:85: CMakeFiles/cmTC_fc7de.dir/CheckSymbolExists.c.o] Error 1
gmake[1]: Leaving directory '/home/ekin/Projects/ICE/build/CMakeFiles/CMakeTmp'
gmake: *** [Makefile:140: cmTC_fc7de/fast] Error 2


File /home/ekin/Projects/ICE/build/CMakeFiles/CMakeTmp/CheckSymbolExists.c:
/* */
#include <stddef.h>
#include <stdarg.h>
#include <stdlib.h>
#include <string.h>
#include <stdio.h>
#include <wchar.h>
#include <float.h>

int main(int argc, char** argv)
{
  (void)argv;
#ifndef _strlwr
  return ((int*)(&_strlwr))[argc];
#else
  (void)argc;
  return 0;
#endif
}
Determining if the itoa exist failed with the following output:
Change Dir: /home/ekin/Projects/ICE/build/CMakeFiles/CMakeTmp

Run Build Command(s):/usr/bin/gmake cmTC_b0a0b/fast && /usr/bin/gmake  -f CMakeFiles/cmTC_b0a0b.dir/build.make CMakeFiles/cmTC_b0a0b.dir/build
gmake[1]: Entering directory '/home/ekin/Projects/ICE/build/CMakeFiles/CMakeTmp'
Building C object CMakeFiles/cmTC_b0a0b.dir/CheckSymbolExists.c.o
/usr/bin/cc   -g -O3 -idirafter "/home/ekin/Projects/ICE/extern/SDL2/src/video/khronos"  -o CMakeFiles/cmTC_b0a0b.dir/CheckSymbolExists.c.o -c /home/ekin/Projects/ICE/build/CMakeFiles/CMakeTmp/CheckSymbolExists.c
/home/ekin/Projects/ICE/build/CMakeFiles/CMakeTmp/CheckSymbolExists.c: In function ‘main’:
/home/ekin/Projects/ICE/build/CMakeFiles/CMakeTmp/CheckSymbolExists.c:14:19: error: ‘itoa’ undeclared (first use in this function)
   14 |   return ((int*)(&itoa))[argc];
      |                   ^~~~
/home/ekin/Projects/ICE/build/CMakeFiles/CMakeTmp/CheckSymbolExists.c:14:19: note: each undeclared identifier is reported only once for each function it appears in
gmake[1]: *** [CMakeFiles/cmTC_b0a0b.dir/build.make:85: CMakeFiles/cmTC_b0a0b.dir/CheckSymbolExists.c.o] Error 1
gmake[1]: Leaving directory '/home/ekin/Projects/ICE/build/CMakeFiles/CMakeTmp'
gmake: *** [Makefile:140: cmTC_b0a0b/fast] Error 2


File /home/ekin/Projects/ICE/build/CMakeFiles/CMakeTmp/CheckSymbolExists.c:
/* */
#include <stddef.h>
#include <stdarg.h>
#include <stdlib.h>
#include <string.h>
#include <stdio.h>
#include <wchar.h>
#include <float.h>

int main(int argc, char** argv)
{
  (void)argv;
#ifndef itoa
  return ((int*)(&itoa))[argc];
#else
  (void)argc;
  return 0;
#endif
}
Determining if the _ltoa exist failed with the following output:
Change Dir: /home/ekin/Projects/ICE/build/CMakeFiles/CMakeTmp

Run Build Command(s):/usr/bin/gmake cmTC_6ccea/fast && /usr/bin/gmake  -f CMakeFiles/cmTC_6ccea.dir/build.make CMakeFiles/cmTC_6ccea.dir/build
gmake[1]: Entering directory '/home/ekin/Projects/ICE/build/CMakeFiles/CMakeTmp'
Building C object CMakeFiles/cmTC_6ccea.dir/CheckSymbolExists.c.o
/usr/bin/cc   -g -O3 -idirafter "/home/ekin/Projects/ICE/extern/SDL2/src/video/khronos"  -o CMakeFiles/cmTC_6ccea.dir/CheckSymbolExists.c.o -c /home/ekin/Projects/ICE/build/CMakeFiles/CMakeTmp/CheckSymbolExists.c
/home/ekin/Projects/ICE/build/CMakeFiles/CMakeTmp/CheckSymbolExists.c: In function ‘main’:
/home/ekin/Projects/ICE/build/CMakeFiles/CMakeTmp/CheckSymbolExists.c:14:19: error: ‘_ltoa’ undeclared (first use in this function)
   14 |   return ((int*)(&_ltoa))[argc];
      |                   ^~~~~
/home/ekin/Projects/ICE/build/CMakeFiles/CMakeTmp/CheckSymbolExists.c:14:19: note: each undeclared identifier is reported only once for each function it appears in
gmake[1]: *** [CMakeFiles/cmTC_6ccea.dir/build.make:85: CMakeFiles/cmTC_6ccea.dir/CheckSymbolExists.c.o] Error 1
gmake[1]: Leaving directory '/home/ekin/Projects/ICE/build/CMakeFiles/CMakeTmp'
gmake: *** [Makefile:140: cmTC_6ccea/fast] Error 2


File /home/ekin/Projects/ICE/build/CMakeFiles/CMakeTmp/CheckSymbolExists.c:
/* */
#include <stddef.h>
#include <stdarg.h>
#include <stdlib.h>
#include <string.h>
#include <stdio.h>
#include <wchar.h>
#include <float.h>

int main(int argc, char** argv)
{
  (void)argv;
#ifndef _ltoa
  return ((int*)(&_ltoa))[argc];
#else
  (void)argc;
  return 0;
#endif
}
Determining if the _uitoa exist failed with the following output:
Change Dir: /home/ekin/Projects/ICE/build/CMakeFiles/CMakeTmp

Run Build Command(s):/usr/bin/gmake cmTC_f1ceb/fast && /usr/bin/gmake  -f CMakeFiles/cmTC_f1ceb.dir/build.make CMakeFiles/cmTC_f1ceb.dir/build
gmake[1]: Entering directory '/home/ekin/Projects/ICE/build/CMakeFiles/CMakeTmp'
Building C object CMakeFiles/cmTC_f1ceb.dir/CheckSymbolExists.c.o
/usr/bin/cc   -g -O3 -idirafter "/home/ekin/Projects/ICE/extern/SDL2/src/video/khronos"  -o CMakeFiles/cmTC_f1ceb.dir/CheckSymbolExists.c.o -c /home/ekin/Projects/ICE/build/CMakeFiles/CMakeTmp/CheckSymbolExists.c
/home/ekin/Projects/ICE/build/CMakeFiles/CMakeTmp/CheckSymbolExists.c: In function ‘main’:
/home/ekin/Projects/ICE/build/CMakeFiles/CMakeTmp/CheckSymbolExists.c:14:19: error: ‘_uitoa’ undeclared (first use in this function)
   14 |   return ((int*)(&_uitoa))[argc];
      |                   ^~~~~~
/home/ekin/Projects/ICE/build/CMakeFiles/CMakeTmp/CheckSymbolExists.c:14:19: note: each undeclared identifier is reported only once for each function it appears in
gmake[1]: *** [CMakeFiles/cmTC_f1ceb.dir/build.make:85: CMakeFiles/cmTC_f1ceb.dir/CheckSymbolExists.c.o] Error 1
gmake[1]: Leaving directory '/home/ekin/Projects/ICE/build/CMakeFiles/CMakeTmp'
gmake: *** [Makefile:140: cmTC_f1ceb/fast] Error 2


File /home/ekin/Projects/ICE/build/CMakeFiles/CMakeTmp/CheckSymbolExists.c:
/* */
#include <stddef.h>
#include <stdarg.h>
#include <stdlib.h>
#include <string.h>
#include <stdio.h>
#include <wchar.h>
#include <float.h>

int main(int argc, char** argv)
{
  (void)argv;
#ifndef _uitoa
  return ((int*)(&_uitoa))[argc];
#else
  (void)argc;
  return 0;
#endif
}
Determining if the _ultoa exist failed with the following output:
Change Dir: /home/ekin/Projects/ICE/build/CMakeFiles/CMakeTmp

Run Build Command(s):/usr/bin/gmake cmTC_16c13/fast && /usr/bin/gmake  -f CMakeFiles/cmTC_16c13.dir/build.make CMakeFiles/cmTC_16c13.dir/build
gmake[1]: Entering directory '/home/ekin/Projects/ICE/build/CMakeFiles/CMakeTmp'
Building C object CMakeFiles/cmTC_16c13.dir/CheckSymbolExists.c.o
/usr/bin/cc   -g -O3 -idirafter "/home/ekin/Projects/ICE/extern/SDL2/src/video/khronos"  -o CMakeFiles/cmTC_16c13.dir/CheckSymbolExists.c.o -c /home/ekin/Projects/ICE/build/CMakeFiles/CMakeTmp/CheckSymbolExists.c
/home/ekin/Projects/ICE/build/CMakeFiles/CMakeTmp/CheckSymbolExists.c: In function ‘main’:
/home/ekin/Projects/ICE/build/CMakeFiles/CMakeTmp/CheckSymbolExists.c:14:19: error: ‘_ultoa’ undeclared (first use in this function)
   14 |   return ((int*)(&_ultoa))[argc];
      |                   ^~~~~~
/home/ekin/Projects/ICE/build/CMakeFiles/CMakeTmp/CheckSymbolExists.c:14:19: note: each undeclared identifier is reported only once for each function it appears in
gmake[1]: *** [CMakeFiles/cmTC_16c13.dir/build.make:85: CMakeFiles/cmTC_16c13.dir/CheckSymbolExists.c.o] Error 1
gmake[1]: Leaving directory '/home/ekin/Projects/ICE/build/CMakeFiles/CMakeTmp'
gmake: *** [Makefile:140: cmTC_16c13/fast] Error 2


File /home/ekin/Projects/ICE/build/CMakeFiles/CMakeTmp/CheckSymbolExists.c:
/* */
#include <stddef.h>
#include <stdarg.h>
#include <stdlib.h>
#include <string.h>
#include <stdio.h>
#include <wchar.h>
#include <float.h>

int main(int argc, char** argv)
{
  (void)argv;
#ifndef _ultoa
  return ((int*)(&_ultoa))[argc];
#else
  (void)argc;
  return 0;
#endif
}
Determining if the _i64toa exist failed with the following output:
Change Dir: /home/ekin/Projects/ICE/build/CMakeFiles/CMakeTmp

Run Build Command(s):/usr/bin/gmake cmTC_fb1d8/fast && /usr/bin/gmake  -f CMakeFiles/cmTC_fb1d8.dir/build.make CMakeFiles/cmTC_fb1d8.dir/build
gmake[1]: Entering directory '/home/ekin/Projects/ICE/build/CMakeFiles/CMakeTmp'
Building C object CMakeFiles/cmTC_fb1d8.dir/CheckSymbolExists.c.o
/usr/bin/cc   -g -O3 -idirafter "/home/ekin/Projects/ICE/extern/SDL2/src/video/khronos"  -o CMakeFiles/cmTC_fb1d8.dir/CheckSymbolExists.c.o -c /home/ekin/Projects/ICE/build/CMakeFiles/CMakeTmp/CheckSymbolExists.c
/home/ekin/Projects/ICE/build/CMakeFiles/CMakeTmp/CheckSymbolExists.c: In function ‘main’:
/home/ekin/Projects/ICE/build/CMakeFiles/CMakeTmp/CheckSymbolExists.c:14:19: error: ‘_i64toa’ undeclared (first use in this function)
   14 |   return ((int*)(&_i64toa))[argc];
      |                   ^~~~~~~
/home/ekin/Projects/ICE/build/CMakeFiles/CMakeTmp/CheckSymbolExists.c:14:19: note: each undeclared identifier is reported only once for each function it appears in
gmake[1]: *** [CMakeFiles/cmTC_fb1d8.dir/build.make:85: CMakeFiles/cmTC_fb1d8.dir/CheckSymbolExists.c.o] Error 1
gmake[1]: Leaving directory '/home/ekin/Projects/ICE/build/CMakeFiles/CMakeTmp'
gmake: *** [Makefile:140: cmTC_fb1d8/fast] Error 2


File /home/ekin/Projects/ICE/build/CMakeFiles/CMakeTmp/CheckSymbolExists.c:
/* */
#include <stddef.h>
#include <stdarg.h>
#include <stdlib.h>
#include <string.h>
#include <stdio.h>
#include <wchar.h>
#include <float.h>

int main(int argc, char** argv)
{
  (void)argv;
#ifndef _i64toa
  return ((int*)(&_i64toa))[argc];
#else
  (void)argc;
  return 0;
#endif
}
Determining if the _ui64toa exist failed with the following output:
Change Dir: /home/ekin/Projects/ICE/build/CMakeFiles/CMakeTmp

Run Build Command(s):/usr/bin/gmake cmTC_bff91/fast && /usr/bin/gmake  -f CMakeFiles/cmTC_bff91.dir/build.make CMakeFiles/cmTC_bff91.dir/build
gmake[1]: Entering directory '/home/ekin/Projects/ICE/build/CMakeFiles/CMakeTmp'
Building C object CMakeFiles/cmTC_bff91.dir/CheckSymbolExists.c.o
/usr/bin/cc   -g -O3 -idirafter "/home/ekin/Projects/ICE/extern/SDL2/src/video/khronos"  -o CMakeFiles/cmTC_bff91.dir/CheckSymbolExists.c.o -c /home/ekin/Projects/ICE/build/CMakeFiles/CMakeTmp/CheckSymbolExists.c
/home/ekin/Projects/ICE/build/CMakeFiles/CMakeTmp/CheckSymbolExists.c: In function ‘main’:
/home/ekin/Projects/ICE/build/CMakeFiles/CMakeTmp/CheckSymbolExists.c:14:19: error: ‘_ui64toa’ undeclared (first use in this function)
   14 |   return ((int*)(&_ui64toa))[argc];
      |                   ^~~~~~~~
/home/ekin/Projects/ICE/build/CMakeFiles/CMakeTmp/CheckSymbolExists.c:14:19: note: each undeclared identifier is reported only once for each function it appears in
gmake[1]: *** [CMakeFiles/cmTC_bff91.dir/build.make:85: CMakeFiles/cmTC_bff91.dir/CheckSymbolExists.c.o] Error 1
gmake[1]: Leaving directory '/home/ekin/Projects/ICE/build/CMakeFiles/CMakeTmp'
gmake: *** [Makefile:140: cmTC_bff91/fast] Error 2


File /home/ekin/Projects/ICE/build/CMakeFiles/CMakeTmp/CheckSymbolExists.c:
/* */
#include <stddef.h>
#include <stdarg.h>
#include <stdlib.h>
#include <string.h>
#include <stdio.h>
#include <wchar.h>
#include <float.h>

int main(int argc, char** argv)
{
  (void)argv;
#ifndef _ui64toa
  return ((int*)(&_ui64toa))[argc];
#else
  (void)argc;
  return 0;
#endif
}
Determining if the _stricmp exist failed with the following output:
Change Dir: /home/ekin/Projects/ICE/build/CMakeFiles/CMakeTmp

Run Build Command(s):/usr/bin/gmake cmTC_3ab8b/fast && /usr/bin/gmake  -f CMakeFiles/cmTC_3ab8b.dir/build.make CMakeFiles/cmTC_3ab8b.dir/build
gmake[1]: Entering directory '/home/ekin/Projects/ICE/build/CMakeFiles/CMakeTmp'
Building C object CMakeFiles/cmTC_3ab8b.dir/CheckSymbolExists.c.o
/usr/bin/cc   -g -O3 -idirafter "/home/ekin/Projects/ICE/extern/SDL2/src/video/khronos"  -o CMakeFiles/cmTC_3ab8b.dir/CheckSymbolExists.c.o -c /home/ekin/Projects/ICE/build/CMakeFiles/CMakeTmp/CheckSymbolExists.c
/home/ekin/Projects/ICE/build/CMakeFiles/CMakeTmp/CheckSymbolExists.c: In function ‘main’:
/home/ekin/Projects/ICE/build/CMakeFiles/CMakeTmp/CheckSymbolExists.c:14:19: error: ‘_stricmp’ undeclared (first use in this function); did you mean ‘strncmp’?
   14 |   return ((int*)(&_stricmp))[argc];
      |                   ^~~~~~~~
      |                   strncmp
/home/ekin/Projects/ICE/build/CMakeFiles/CMakeTmp/CheckSymbolExists.c:14:19: note: each undeclared identifier is reported only once for each function it appears in
gmake[1]: *** [CMakeFiles/cmTC_3ab8b.dir/build.make:85: CMakeFiles/cmTC_3ab8b.dir/CheckSymbolExists.c.o] Error 1
gmake[1]: Leaving directory '/home/ekin/Projects/ICE/build/CMakeFiles/CMakeTmp'
gmake: *** [Makefile:140: cmTC_3ab8b/fast] Error 2


File /home/ekin/Projects/ICE/build/CMakeFiles/CMakeTmp/CheckSymbolExists.c:
/* */
#include <stddef.h>
#include <stdarg.h>
#include <stdlib.h>
#include <string.h>
#include <stdio.h>
#include <wchar.h>
#include <float.h>

int main(int argc, char** argv)
{
  (void)argv;
#ifndef _stricmp
  return ((int*)(&_stricmp))[argc];
#else
  (void)argc;
  return 0;
#endif
}
Determining if the _strnicmp exist failed with the following output:
Change Dir: /home/ekin/Projects/ICE/build/CMakeFiles/CMakeTmp

Run Build Command(s):/usr/bin/gmake cmTC_40bc6/fast && /usr/bin/gmake  -f CMakeFiles/cmTC_40bc6.dir/build.make CMakeFiles/cmTC_40bc6.dir/build
gmake[1]: Entering directory '/home/ekin/Projects/ICE/build/CMakeFiles/CMakeTmp'
Building C object CMakeFiles/cmTC_40bc6.dir/CheckSymbolExists.c.o
/usr/bin/cc   -g -O3 -idirafter "/home/ekin/Projects/ICE/extern/SDL2/src/video/khronos"  -o CMakeFiles/cmTC_40bc6.dir/CheckSymbolExists.c.o -c /home/ekin/Projects/ICE/build/CMakeFiles/CMakeTmp/CheckSymbolExists.c
/home/ekin/Projects/ICE/build/CMakeFiles/CMakeTmp/CheckSymbolExists.c: In function ‘main’:
/home/ekin/Projects/ICE/build/CMakeFiles/CMakeTmp/CheckSymbolExists.c:14:19: error: ‘_strnicmp’ undeclared (first use in this function); did you mean ‘strncmp’?
   14 |   return ((int*)(&_strnicmp))[argc];
      |                   ^~~~~~~~~
      |                   strncmp
/home/ekin/Projects/ICE/build/CMakeFiles/CMakeTmp/CheckSymbolExists.c:14:19: note: each undeclared identifier is reported only once for each function it appears in
gmake[1]: *** [CMakeFiles/cmTC_40bc6.dir/build.make:85: CMakeFiles/cmTC_40bc6.dir/CheckSymbolExists.c.o] Error 1
gmake[1]: Leaving directory '/home/ekin/Projects/ICE/build/CMakeFiles/CMakeTmp'
gmake: *** [Makefile:140: cmTC_40bc6/fast] Error 2


File /home/ekin/Projects/ICE/build/CMakeFiles/CMakeTmp/CheckSymbolExists.c:
/* */
#include <stddef.h>
#include <stdarg.h>
#include <stdlib.h>
#include <string.h>
#include <stdio.h>
#include <wchar.h>
#include <float.h>

int main(int argc, char** argv)
{
  (void)argv;
#ifndef _strnicmp
  return ((int*)(&_strnicmp))[argc];
#else
  (void)argc;
  return 0;
#endif
}
Determining if the _wcsdup exist failed with the following output:
Change Dir: /home/ekin/Projects/ICE/build/CMakeFiles/CMakeTmp

Run Build Command(s):/usr/bin/gmake cmTC_84e5e/fast && /usr/bin/gmake  -f CMakeFiles/cmTC_84e5e.dir/build.make CMakeFiles/cmTC_84e5e.dir/build
gmake[1]: Entering directory '/home/ekin/Projects/ICE/build/CMakeFiles/CMakeTmp'
Building C object CMakeFiles/cmTC_84e5e.dir/CheckSymbolExists.c.o
/usr/bin/cc   -g -O3 -idirafter "/home/ekin/Projects/ICE/extern/SDL2/src/video/khronos"  -o CMakeFiles/cmTC_84e5e.dir/CheckSymbolExists.c.o -c /home/ekin/Projects/ICE/build/CMakeFiles/CMakeTmp/CheckSymbolExists.c
/home/ekin/Projects/ICE/build/CMakeFiles/CMakeTmp/CheckSymbolExists.c: In function ‘main’:
/home/ekin/Projects/ICE/build/CMakeFiles/CMakeTmp/CheckSymbolExists.c:14:19: error: ‘_wcsdup’ undeclared (first use in this function); did you mean ‘wcsdup’?
   14 |   return ((int*)(&_wcsdup))[argc];
      |                   ^~~~~~~
      |                   wcsdup
/home/ekin/Projects/ICE/build/CMakeFiles/CMakeTmp/CheckSymbolExists.c:14:19: note: each undeclared identifier is reported only once for each function it appears in
gmake[1]: *** [CMakeFiles/cmTC_84e5e.dir/build.make:85: CMakeFiles/cmTC_84e5e.dir/CheckSymbolExists.c.o] Error 1
gmake[1]: Leaving directory '/home/ekin/Projects/ICE/build/CMakeFiles/CMakeTmp'
gmake: *** [Makefile:140: cmTC_84e5e/fast] Error 2


File /home/ekin/Projects/ICE/build/CMakeFiles/CMakeTmp/CheckSymbolExists.c:
/* */
#include <stddef.h>
#include <stdarg.h>
#include <stdlib.h>
#include <string.h>
#include <stdio.h>
#include <wchar.h>
#include <float.h>

int main(int argc, char** argv)
{
  (void)argv;
#ifndef _wcsdup
  return ((int*)(&_wcsdup))[argc];
#else
  (void)argc;
  return 0;
#endif
}
Determining if the wcslcat exist failed with the following output:
Change Dir: /home/ekin/Projects/ICE/build/CMakeFiles/CMakeTmp

Run Build Command(s):/usr/bin/gmake cmTC_69e92/fast && /usr/bin/gmake  -f CMakeFiles/cmTC_69e92.dir/build.make CMakeFiles/cmTC_69e92.dir/build
gmake[1]: Entering directory '/home/ekin/Projects/ICE/build/CMakeFiles/CMakeTmp'
Building C object CMakeFiles/cmTC_69e92.dir/CheckSymbolExists.c.o
/usr/bin/cc   -g -O3 -idirafter "/home/ekin/Projects/ICE/extern/SDL2/src/video/khronos"  -o CMakeFiles/cmTC_69e92.dir/CheckSymbolExists.c.o -c /home/ekin/Projects/ICE/build/CMakeFiles/CMakeTmp/CheckSymbolExists.c
/home/ekin/Projects/ICE/build/CMakeFiles/CMakeTmp/CheckSymbolExists.c: In function ‘main’:
/home/ekin/Projects/ICE/build/CMakeFiles/CMakeTmp/CheckSymbolExists.c:14:19: error: ‘wcslcat’ undeclared (first use in this function); did you mean ‘wcsncat’?
   14 |   return ((int*)(&wcslcat))[argc];
      |                   ^~~~~~~
      |                   wcsncat
/home/ekin/Projects/ICE/build/CMakeFiles/CMakeTmp/CheckSymbolExists.c:14:19: note: each undeclared identifier is reported only once for each function it appears in
gmake[1]: *** [CMakeFiles/cmTC_69e92.dir/build.make:85: CMakeFiles/cmTC_69e92.dir/CheckSymbolExists.c.o] Error 1
gmake[1]: Leaving directory '/home/ekin/Projects/ICE/build/CMakeFiles/CMakeTmp'
gmake: *** [Makefile:140: cmTC_69e92/fast] Error 2


File /home/ekin/Projects/ICE/build/CMakeFiles/CMakeTmp/CheckSymbolExists.c:
/* */
#include <stddef.h>
#include <stdarg.h>
#include <stdlib.h>
#include <string.h>
#include <stdio.h>
#include <wchar.h>
#include <float.h>

int main(int argc, char** argv)
{
  (void)argv;
#ifndef wcslcat
  return ((int*)(&wcslcat))[argc];
#else
  (void)argc;
  return 0;
#endif
}
Determining if the wcslcpy exist failed with the following output:
Change Dir: /home/ekin/Projects/ICE/build/CMakeFiles/CMakeTmp

Run Build Command(s):/usr/bin/gmake cmTC_6b846/fast && /usr/bin/gmake  -f CMakeFiles/cmTC_6b846.dir/build.make CMakeFiles/cmTC_6b846.dir/build
gmake[1]: Entering directory '/home/ekin/Projects/ICE/build/CMakeFiles/CMakeTmp'
Building C object CMakeFiles/cmTC_6b846.dir/CheckSymbolExists.c.o
/usr/bin/cc   -g -O3 -idirafter "/home/ekin/Projects/ICE/extern/SDL2/src/video/khronos"  -o CMakeFiles/cmTC_6b846.dir/CheckSymbolExists.c.o -c /home/ekin/Projects/ICE/build/CMakeFiles/CMakeTmp/CheckSymbolExists.c
/home/ekin/Projects/ICE/build/CMakeFiles/CMakeTmp/CheckSymbolExists.c: In function ‘main’:
/home/ekin/Projects/ICE/build/CMakeFiles/CMakeTmp/CheckSymbolExists.c:14:19: error: ‘wcslcpy’ undeclared (first use in this function); did you mean ‘wcsncpy’?
   14 |   return ((int*)(&wcslcpy))[argc];
      |                   ^~~~~~~
      |                   wcsncpy
/home/ekin/Projects/ICE/build/CMakeFiles/CMakeTmp/CheckSymbolExists.c:14:19: note: each undeclared identifier is reported only once for each function it appears in
gmake[1]: *** [CMakeFiles/cmTC_6b846.dir/build.make:85: CMakeFiles/cmTC_6b846.dir/CheckSymbolExists.c.o] Error 1
gmake[1]: Leaving directory '/home/ekin/Projects/ICE/build/CMakeFiles/CMakeTmp'
gmake: *** [Makefile:140: cmTC_6b846/fast] Error 2


File /home/ekin/Projects/ICE/build/CMakeFiles/CMakeTmp/CheckSymbolExists.c:
/* */
#include <stddef.h>
#include <stdarg.h>
#include <stdlib.h>
#include <string.h>
#include <stdio.h>
#include <wchar.h>
#include <float.h>

int main(int argc, char** argv)
{
  (void)argv;
#ifndef wcslcpy
  return ((int*)(&wcslcpy))[argc];
#else
  (void)argc;
  return 0;
#endif
}
Determining if the _wcsicmp exist failed with the following output:
Change Dir: /home/ekin/Projects/ICE/build/CMakeFiles/CMakeTmp

Run Build Command(s):/usr/bin/gmake cmTC_a36ed/fast && /usr/bin/gmake  -f CMakeFiles/cmTC_a36ed.dir/build.make CMakeFiles/cmTC_a36ed.dir/build
gmake[1]: Entering directory '/home/ekin/Projects/ICE/build/CMakeFiles/CMakeTmp'
Building C object CMakeFiles/cmTC_a36ed.dir/CheckSymbolExists.c.o
/usr/bin/cc   -g -O3 -idirafter "/home/ekin/Projects/ICE/extern/SDL2/src/video/khronos"  -o CMakeFiles/cmTC_a36ed.dir/CheckSymbolExists.c.o -c /home/ekin/Projects/ICE/build/CMakeFiles/CMakeTmp/CheckSymbolExists.c
/home/ekin/Projects/ICE/build/CMakeFiles/CMakeTmp/CheckSymbolExists.c: In function ‘main’:
/home/ekin/Projects/ICE/build/CMakeFiles/CMakeTmp/CheckSymbolExists.c:14:19: error: ‘_wcsicmp’ undeclared (first use in this function); did you mean ‘wcsncmp’?
   14 |   return ((int*)(&_wcsicmp))[argc];
      |                   ^~~~~~~~
      |                   wcsncmp
/home/ekin/Projects/ICE/build/CMakeFiles/CMakeTmp/CheckSymbolExists.c:14:19: note: each undeclared identifier is reported only once for each function it appears in
gmake[1]: *** [CMakeFiles/cmTC_a36ed.dir/build.make:85: CMakeFiles/cmTC_a36ed.dir/CheckSymbolExists.c.o] Error 1
gmake[1]: Leaving directory '/home/ekin/Projects/ICE/build/CMakeFiles/CMakeTmp'
gmake: *** [Makefile:140: cmTC_a36ed/fast] Error 2


File /home/ekin/Projects/ICE/build/CMakeFiles/CMakeTmp/CheckSymbolExists.c:
/* */
#include <stddef.h>
#include <stdarg.h>
#include <stdlib.h>
#include <string.h>
#include <stdio.h>
#include <wchar.h>
#include <float.h>

int main(int argc, char** argv)
{
  (void)argv;
#ifndef _wcsicmp
  return ((int*)(&_wcsicmp))[argc];
#else
  (void)argc;
  return 0;
#endif
}
Determining if the _wcsnicmp exist failed with the following output:
Change Dir: /home/ekin/Projects/ICE/build/CMakeFiles/CMakeTmp

Run Build Command(s):/usr/bin/gmake cmTC_b5cd9/fast && /usr/bin/gmake  -f CMakeFiles/cmTC_b5cd9.dir/build.make CMakeFiles/cmTC_b5cd9.dir/build
gmake[1]: Entering directory '/home/ekin/Projects/ICE/build/CMakeFiles/CMakeTmp'
Building C object CMakeFiles/cmTC_b5cd9.dir/CheckSymbolExists.c.o
/usr/bin/cc   -g -O3 -idirafter "/home/ekin/Projects/ICE/extern/SDL2/src/video/khronos"  -o CMakeFiles/cmTC_b5cd9.dir/CheckSymbolExists.c.o -c /home/ekin/Projects/ICE/build/CMakeFiles/CMakeTmp/CheckSymbolExists.c
/home/ekin/Projects/ICE/build/CMakeFiles/CMakeTmp/CheckSymbolExists.c: In function ‘main’:
/home/ekin/Projects/ICE/build/CMakeFiles/CMakeTmp/CheckSymbolExists.c:14:19: error: ‘_wcsnicmp’ undeclared (first use in this function); did you mean ‘wcsncmp’?
   14 |   return ((int*)(&_wcsnicmp))[argc];
      |                   ^~~~~~~~~
      |                   wcsncmp
/home/ekin/Projects/ICE/build/CMakeFiles/CMakeTmp/CheckSymbolExists.c:14:19: note: each undeclared identifier is reported only once for each function it appears in
gmake[1]: *** [CMakeFiles/cmTC_b5cd9.dir/build.make:85: CMakeFiles/cmTC_b5cd9.dir/CheckSymbolExists.c.o] Error 1
gmake[1]: Leaving directory '/home/ekin/Projects/ICE/build/CMakeFiles/CMakeTmp'
gmake: *** [Makefile:140: cmTC_b5cd9/fast] Error 2


File /home/ekin/Projects/ICE/build/CMakeFiles/CMakeTmp/CheckSymbolExists.c:
/* */
#include <stddef.h>
#include <stdarg.h>
#include <stdlib.h>
#include <string.h>
#include <stdio.h>
#include <wchar.h>
#include <float.h>

int main(int argc, char** argv)
{
  (void)argv;
#ifndef _wcsnicmp
  return ((int*)(&_wcsnicmp))[argc];
#else
  (void)argc;
  return 0;
#endif
}
Determining if the fopen64 exist failed with the following output:
Change Dir: /home/ekin/Projects/ICE/build/CMakeFiles/CMakeTmp

Run Build Command(s):/usr/bin/gmake cmTC_67d06/fast && /usr/bin/gmake  -f CMakeFiles/cmTC_67d06.dir/build.make CMakeFiles/cmTC_67d06.dir/build
gmake[1]: Entering directory '/home/ekin/Projects/ICE/build/CMakeFiles/CMakeTmp'
Building C object CMakeFiles/cmTC_67d06.dir/CheckSymbolExists.c.o
/usr/bin/cc   -g -O3 -idirafter "/home/ekin/Projects/ICE/extern/SDL2/src/video/khronos"  -o CMakeFiles/cmTC_67d06.dir/CheckSymbolExists.c.o -c /home/ekin/Projects/ICE/build/CMakeFiles/CMakeTmp/CheckSymbolExists.c
/home/ekin/Projects/ICE/build/CMakeFiles/CMakeTmp/CheckSymbolExists.c: In function ‘main’:
/home/ekin/Projects/ICE/build/CMakeFiles/CMakeTmp/CheckSymbolExists.c:14:19: error: ‘fopen64’ undeclared (first use in this function); did you mean ‘fopen’?
   14 |   return ((int*)(&fopen64))[argc];
      |                   ^~~~~~~
      |                   fopen
/home/ekin/Projects/ICE/build/CMakeFiles/CMakeTmp/CheckSymbolExists.c:14:19: note: each undeclared identifier is reported only once for each function it appears in
gmake[1]: *** [CMakeFiles/cmTC_67d06.dir/build.make:85: CMakeFiles/cmTC_67d06.dir/CheckSymbolExists.c.o] Error 1
gmake[1]: Leaving directory '/home/ekin/Projects/ICE/build/CMakeFiles/CMakeTmp'
gmake: *** [Makefile:140: cmTC_67d06/fast] Error 2


File /home/ekin/Projects/ICE/build/CMakeFiles/CMakeTmp/CheckSymbolExists.c:
/* */
#include <stddef.h>
#include <stdarg.h>
#include <stdlib.h>
#include <string.h>
#include <stdio.h>
#include <wchar.h>
#include <float.h>

int main(int argc, char** argv)
{
  (void)argv;
#ifndef fopen64
  return ((int*)(&fopen64))[argc];
#else
  (void)argc;
  return 0;
#endif
}
Determining if the fseeko64 exist failed with the following output:
Change Dir: /home/ekin/Projects/ICE/build/CMakeFiles/CMakeTmp

Run Build Command(s):/usr/bin/gmake cmTC_883fa/fast && /usr/bin/gmake  -f CMakeFiles/cmTC_883fa.dir/build.make CMakeFiles/cmTC_883fa.dir/build
gmake[1]: Entering directory '/home/ekin/Projects/ICE/build/CMakeFiles/CMakeTmp'
Building C object CMakeFiles/cmTC_883fa.dir/CheckSymbolExists.c.o
/usr/bin/cc   -g -O3 -idirafter "/home/ekin/Projects/ICE/extern/SDL2/src/video/khronos"  -o CMakeFiles/cmTC_883fa.dir/CheckSymbolExists.c.o -c /home/ekin/Projects/ICE/build/CMakeFiles/CMakeTmp/CheckSymbolExists.c
/home/ekin/Projects/ICE/build/CMakeFiles/CMakeTmp/CheckSymbolExists.c: In function ‘main’:
/home/ekin/Projects/ICE/build/CMakeFiles/CMakeTmp/CheckSymbolExists.c:14:19: error: ‘fseeko64’ undeclared (first use in this function); did you mean ‘fseeko’?
   14 |   return ((int*)(&fseeko64))[argc];
      |                   ^~~~~~~~
      |                   fseeko
/home/ekin/Projects/ICE/build/CMakeFiles/CMakeTmp/CheckSymbolExists.c:14:19: note: each undeclared identifier is reported only once for each function it appears in
gmake[1]: *** [CMakeFiles/cmTC_883fa.dir/build.make:85: CMakeFiles/cmTC_883fa.dir/CheckSymbolExists.c.o] Error 1
gmake[1]: Leaving directory '/home/ekin/Projects/ICE/build/CMakeFiles/CMakeTmp'
gmake: *** [Makefile:140: cmTC_883fa/fast] Error 2


File /home/ekin/Projects/ICE/build/CMakeFiles/CMakeTmp/CheckSymbolExists.c:
/* */
#include <stddef.h>
#include <stdarg.h>
#include <stdlib.h>
#include <string.h>
#include <stdio.h>
#include <wchar.h>
#include <float.h>

int main(int argc, char** argv)
{
  (void)argv;
#ifndef fseeko64
  return ((int*)(&fseeko64))[argc];
#else
  (void)argc;
  return 0;
#endif
}
Determining if the sysctlbyname exist failed with the following output:
Change Dir: /home/ekin/Projects/ICE/build/CMakeFiles/CMakeTmp

Run Build Command(s):/usr/bin/gmake cmTC_cca7b/fast && /usr/bin/gmake  -f CMakeFiles/cmTC_cca7b.dir/build.make CMakeFiles/cmTC_cca7b.dir/build
gmake[1]: Entering directory '/home/ekin/Projects/ICE/build/CMakeFiles/CMakeTmp'
Building C object CMakeFiles/cmTC_cca7b.dir/CheckSymbolExists.c.o
/usr/bin/cc   -g -O3 -idirafter "/home/ekin/Projects/ICE/extern/SDL2/src/video/khronos"  -o CMakeFiles/cmTC_cca7b.dir/CheckSymbolExists.c.o -c /home/ekin/Projects/ICE/build/CMakeFiles/CMakeTmp/CheckSymbolExists.c
/home/ekin/Projects/ICE/build/CMakeFiles/CMakeTmp/CheckSymbolExists.c:3:10: fatal error: sys/sysctl.h: No such file or directory
    3 | #include <sys/sysctl.h>
      |          ^~~~~~~~~~~~~~
compilation terminated.
gmake[1]: *** [CMakeFiles/cmTC_cca7b.dir/build.make:85: CMakeFiles/cmTC_cca7b.dir/CheckSymbolExists.c.o] Error 1
gmake[1]: Leaving directory '/home/ekin/Projects/ICE/build/CMakeFiles/CMakeTmp'
gmake: *** [Makefile:140: cmTC_cca7b/fast] Error 2


File /home/ekin/Projects/ICE/build/CMakeFiles/CMakeTmp/CheckSymbolExists.c:
/* */
#include <sys/types.h>
#include <sys/sysctl.h>

int main(int argc, char** argv)
{
  (void)argv;
#ifndef sysctlbyname
  return ((int*)(&sysctlbyname))[argc];
#else
  (void)argc;
  return 0;
#endif
}
Determining if the elf_aux_info exist failed with the following output:
Change Dir: /home/ekin/Projects/ICE/build/CMakeFiles/CMakeTmp

Run Build Command(s):/usr/bin/gmake cmTC_84dc5/fast && /usr/bin/gmake  -f CMakeFiles/cmTC_84dc5.dir/build.make CMakeFiles/cmTC_84dc5.dir/build
gmake[1]: Entering directory '/home/ekin/Projects/ICE/build/CMakeFiles/CMakeTmp'
Building C object CMakeFiles/cmTC_84dc5.dir/CheckSymbolExists.c.o
/usr/bin/cc   -g -O3 -idirafter "/home/ekin/Projects/ICE/extern/SDL2/src/video/khronos"  -o CMakeFiles/cmTC_84dc5.dir/CheckSymbolExists.c.o -c /home/ekin/Projects/ICE/build/CMakeFiles/CMakeTmp/CheckSymbolExists.c
/home/ekin/Projects/ICE/build/CMakeFiles/CMakeTmp/CheckSymbolExists.c: In function ‘main’:
/home/ekin/Projects/ICE/build/CMakeFiles/CMakeTmp/CheckSymbolExists.c:8:19: error: ‘elf_aux_info’ undeclared (first use in this function)
    8 |   return ((int*)(&elf_aux_info))[argc];
      |                   ^~~~~~~~~~~~
/home/ekin/Projects/ICE/build/CMakeFiles/CMakeTmp/CheckSymbolExists.c:8:19: note: each undeclared identifier is reported only once for each function it appears in
gmake[1]: *** [CMakeFiles/cmTC_84dc5.dir/build.make:85: CMakeFiles/cmTC_84dc5.dir/CheckSymbolExists.c.o] Error 1
gmake[1]: Leaving directory '/home/ekin/Projects/ICE/build/CMakeFiles/CMakeTmp'
gmake: *** [Makefile:140: cmTC_84dc5/fast] Error 2


File /home/ekin/Projects/ICE/build/CMakeFiles/CMakeTmp/CheckSymbolExists.c:
/* */
#include <sys/auxv.h>

int main(int argc, char** argv)
{
  (void)argv;
#ifndef elf_aux_info
  return ((int*)(&elf_aux_info))[argc];
#else
  (void)argc;
  return 0;
#endif
}
Determining if the function iconv_open exists in the iconv failed with the following output:
Change Dir: /home/ekin/Projects/ICE/build/CMakeFiles/CMakeTmp

Run Build Command(s):/usr/bin/gmake cmTC_ea378/fast && /usr/bin/gmake  -f CMakeFiles/cmTC_ea378.dir/build.make CMakeFiles/cmTC_ea378.dir/build
gmake[1]: Entering directory '/home/ekin/Projects/ICE/build/CMakeFiles/CMakeTmp'
Building C object CMakeFiles/cmTC_ea378.dir/CheckFunctionExists.c.o
/usr/bin/cc   -g -O3 -idirafter "/home/ekin/Projects/ICE/extern/SDL2/src/video/khronos" -DCHECK_FUNCTION_EXISTS=iconv_open -o CMakeFiles/cmTC_ea378.dir/CheckFunctionExists.c.o -c /usr/share/cmake-3.18/Modules/CheckFunctionExists.c
Linking C executable cmTC_ea378
/usr/bin/cmake -E cmake_link_script CMakeFiles/cmTC_ea378.dir/link.txt --verbose=1
/usr/bin/cc -g -O3 -idirafter "/home/ekin/Projects/ICE/extern/SDL2/src/video/khronos" -DCHECK_FUNCTION_EXISTS=iconv_open -rdynamic CMakeFiles/cmTC_ea378.dir/CheckFunctionExists.c.o -o cmTC_ea378  -liconv 
/usr/bin/ld: cannot find -liconv
collect2: error: ld returned 1 exit status
gmake[1]: *** [CMakeFiles/cmTC_ea378.dir/build.make:106: cmTC_ea378] Error 1
gmake[1]: Leaving directory '/home/ekin/Projects/ICE/build/CMakeFiles/CMakeTmp'
gmake: *** [Makefile:140: cmTC_ea378/fast] Error 2



Determining if the alloca exist failed with the following output:
Change Dir: /home/ekin/Projects/ICE/build/CMakeFiles/CMakeTmp

Run Build Command(s):/usr/bin/gmake cmTC_bf72d/fast && /usr/bin/gmake  -f CMakeFiles/cmTC_bf72d.dir/build.make CMakeFiles/cmTC_bf72d.dir/build
gmake[1]: Entering directory '/home/ekin/Projects/ICE/build/CMakeFiles/CMakeTmp'
Building C object CMakeFiles/cmTC_bf72d.dir/CheckSymbolExists.c.o
/usr/bin/cc   -g -O3 -idirafter "/home/ekin/Projects/ICE/extern/SDL2/src/video/khronos"  -o CMakeFiles/cmTC_bf72d.dir/CheckSymbolExists.c.o -c /home/ekin/Projects/ICE/build/CMakeFiles/CMakeTmp/CheckSymbolExists.c
/home/ekin/Projects/ICE/build/CMakeFiles/CMakeTmp/CheckSymbolExists.c: In function ‘main’:
/home/ekin/Projects/ICE/build/CMakeFiles/CMakeTmp/CheckSymbolExists.c:8:19: error: ‘alloca’ undeclared (first use in this function); did you mean ‘valloc’?
    8 |   return ((int*)(&alloca))[argc];
      |                   ^~~~~~
      |                   valloc
/home/ekin/Projects/ICE/build/CMakeFiles/CMakeTmp/CheckSymbolExists.c:8:19: note: each undeclared identifier is reported only once for each function it appears in
gmake[1]: *** [CMakeFiles/cmTC_bf72d.dir/build.make:85: CMakeFiles/cmTC_bf72d.dir/CheckSymbolExists.c.o] Error 1
gmake[1]: Leaving directory '/home/ekin/Projects/ICE/build/CMakeFiles/CMakeTmp'
gmake: *** [Makefile:140: cmTC_bf72d/fast] Error 2


File /home/ekin/Projects/ICE/build/CMakeFiles/CMakeTmp/CheckSymbolExists.c:
/* */
#include <malloc.h>

int main(int argc, char** argv)
{
  (void)argv;
#ifndef alloca
  return ((int*)(&alloca))[argc];
#else
  (void)argc;
  return 0;
#endif
}
Determining if the include file audio/audiolib.h exists failed with the following output:
Change Dir: /home/ekin/Projects/ICE/build/CMakeFiles/CMakeTmp

Run Build Command(s):/usr/bin/gmake cmTC_c27ec/fast && /usr/bin/gmake  -f CMakeFiles/cmTC_c27ec.dir/build.make CMakeFiles/cmTC_c27ec.dir/build
gmake[1]: Entering directory '/home/ekin/Projects/ICE/build/CMakeFiles/CMakeTmp'
Building C object CMakeFiles/cmTC_c27ec.dir/CheckIncludeFile.c.o
/usr/bin/cc   -g -O3 -idirafter "/home/ekin/Projects/ICE/extern/SDL2/src/video/khronos"  -o CMakeFiles/cmTC_c27ec.dir/CheckIncludeFile.c.o -c /home/ekin/Projects/ICE/build/CMakeFiles/CMakeTmp/CheckIncludeFile.c
/home/ekin/Projects/ICE/build/CMakeFiles/CMakeTmp/CheckIncludeFile.c:1:10: fatal error: audio/audiolib.h: No such file or directory
    1 | #include <audio/audiolib.h>
      |          ^~~~~~~~~~~~~~~~~~
compilation terminated.
gmake[1]: *** [CMakeFiles/cmTC_c27ec.dir/build.make:85: CMakeFiles/cmTC_c27ec.dir/CheckIncludeFile.c.o] Error 1
gmake[1]: Leaving directory '/home/ekin/Projects/ICE/build/CMakeFiles/CMakeTmp'
gmake: *** [Makefile:140: cmTC_c27ec/fast] Error 2



Determining if the include file sndio.h exists failed with the following output:
Change Dir: /home/ekin/Projects/ICE/build/CMakeFiles/CMakeTmp

Run Build Command(s):/usr/bin/gmake cmTC_6da0b/fast && /usr/bin/gmake  -f CMakeFiles/cmTC_6da0b.dir/build.make CMakeFiles/cmTC_6da0b.dir/build
gmake[1]: Entering directory '/home/ekin/Projects/ICE/build/CMakeFiles/CMakeTmp'
Building C object CMakeFiles/cmTC_6da0b.dir/CheckIncludeFile.c.o
/usr/bin/cc   -g -O3 -idirafter "/home/ekin/Projects/ICE/extern/SDL2/src/video/khronos"  -o CMakeFiles/cmTC_6da0b.dir/CheckIncludeFile.c.o -c /home/ekin/Projects/ICE/build/CMakeFiles/CMakeTmp/CheckIncludeFile.c
/home/ekin/Projects/ICE/build/CMakeFiles/CMakeTmp/CheckIncludeFile.c:1:10: fatal error: sndio.h: No such file or directory
    1 | #include <sndio.h>
      |          ^~~~~~~~~
compilation terminated.
gmake[1]: *** [CMakeFiles/cmTC_6da0b.dir/build.make:85: CMakeFiles/cmTC_6da0b.dir/CheckIncludeFile.c.o] Error 1
gmake[1]: Leaving directory '/home/ekin/Projects/ICE/build/CMakeFiles/CMakeTmp'
gmake: *** [Makefile:140: cmTC_6da0b/fast] Error 2



Performing C SOURCE FILE Test HAVE_VIDEO_RPI failed with the following output:
Change Dir: /home/ekin/Projects/ICE/build/CMakeFiles/CMakeTmp

Run Build Command(s):/usr/bin/gmake cmTC_eebf6/fast && /usr/bin/gmake  -f CMakeFiles/cmTC_eebf6.dir/build.make CMakeFiles/cmTC_eebf6.dir/build
gmake[1]: Entering directory '/home/ekin/Projects/ICE/build/CMakeFiles/CMakeTmp'
Building C object CMakeFiles/cmTC_eebf6.dir/src.c.o
/usr/bin/cc   -g -O3 -idirafter "/home/ekin/Projects/ICE/extern/SDL2/src/video/khronos" -DHAVE_VIDEO_RPI  -I/opt/vc/include/interface/vmcs_host/linux/ -I/opt/vc/include/interface/vcos/pthreads -I/opt/vc/include  -L/opt/vc/lib -o CMakeFiles/cmTC_eebf6.dir/src.c.o -c /home/ekin/Projects/ICE/build/CMakeFiles/CMakeTmp/src.c
/home/ekin/Projects/ICE/build/CMakeFiles/CMakeTmp/src.c:2:18: fatal error: bcm_host.h: No such file or directory
    2 |         #include <bcm_host.h>
      |                  ^~~~~~~~~~~~
compilation terminated.
gmake[1]: *** [CMakeFiles/cmTC_eebf6.dir/build.make:85: CMakeFiles/cmTC_eebf6.dir/src.c.o] Error 1
gmake[1]: Leaving directory '/home/ekin/Projects/ICE/build/CMakeFiles/CMakeTmp'
gmake: *** [Makefile:140: cmTC_eebf6/fast] Error 2


Source file was:

        #include <bcm_host.h>
        int main(int argc, char **argv) {}
Determining if files X11/Xlib.h;X11/extensions/xf86vmode.h exist failed with the following output:
Change Dir: /home/ekin/Projects/ICE/build/CMakeFiles/CMakeTmp

Run Build Command(s):/usr/bin/gmake cmTC_a576c/fast && /usr/bin/gmake  -f CMakeFiles/cmTC_a576c.dir/build.make CMakeFiles/cmTC_a576c.dir/build
gmake[1]: Entering directory '/home/ekin/Projects/ICE/build/CMakeFiles/CMakeTmp'
Building C object CMakeFiles/cmTC_a576c.dir/HAVE_XF86VM_H.c.o
/usr/bin/cc   -g -O3 -idirafter "/home/ekin/Projects/ICE/extern/SDL2/src/video/khronos"  -o CMakeFiles/cmTC_a576c.dir/HAVE_XF86VM_H.c.o -c /home/ekin/Projects/ICE/build/CMakeFiles/CheckIncludeFiles/HAVE_XF86VM_H.c
/home/ekin/Projects/ICE/build/CMakeFiles/CheckIncludeFiles/HAVE_XF86VM_H.c:3:10: fatal error: X11/extensions/xf86vmode.h: No such file or directory
    3 | #include <X11/extensions/xf86vmode.h>
      |          ^~~~~~~~~~~~~~~~~~~~~~~~~~~~
compilation terminated.
gmake[1]: *** [CMakeFiles/cmTC_a576c.dir/build.make:85: CMakeFiles/cmTC_a576c.dir/HAVE_XF86VM_H.c.o] Error 1
gmake[1]: Leaving directory '/home/ekin/Projects/ICE/build/CMakeFiles/CMakeTmp'
gmake: *** [Makefile:140: cmTC_a576c/fast] Error 2


Source:
/* */
#include <X11/Xlib.h>
#include <X11/extensions/xf86vmode.h>


int main(void){return 0;}

Performing C SOURCE FILE Test HAVE_VIDEO_VIVANTE_VDK failed with the following output:
Change Dir: /home/ekin/Projects/ICE/build/CMakeFiles/CMakeTmp

Run Build Command(s):/usr/bin/gmake cmTC_121a1/fast && /usr/bin/gmake  -f CMakeFiles/cmTC_121a1.dir/build.make CMakeFiles/cmTC_121a1.dir/build
gmake[1]: Entering directory '/home/ekin/Projects/ICE/build/CMakeFiles/CMakeTmp'
Building C object CMakeFiles/cmTC_121a1.dir/src.c.o
/usr/bin/cc   -g -O3 -idirafter "/home/ekin/Projects/ICE/extern/SDL2/src/video/khronos" -DHAVE_VIDEO_VIVANTE_VDK -o CMakeFiles/cmTC_121a1.dir/src.c.o -c /home/ekin/Projects/ICE/build/CMakeFiles/CMakeTmp/src.c
/home/ekin/Projects/ICE/build/CMakeFiles/CMakeTmp/src.c:2:18: fatal error: gc_vdk.h: No such file or directory
    2 |         #include <gc_vdk.h>
      |                  ^~~~~~~~~~
compilation terminated.
gmake[1]: *** [CMakeFiles/cmTC_121a1.dir/build.make:85: CMakeFiles/cmTC_121a1.dir/src.c.o] Error 1
gmake[1]: Leaving directory '/home/ekin/Projects/ICE/build/CMakeFiles/CMakeTmp'
gmake: *** [Makefile:140: cmTC_121a1/fast] Error 2


Source file was:

        #include <gc_vdk.h>
        int main(int argc, char** argv) {}
Performing C SOURCE FILE Test HAVE_VIDEO_VIVANTE_EGL_FB failed with the following output:
Change Dir: /home/ekin/Projects/ICE/build/CMakeFiles/CMakeTmp

Run Build Command(s):/usr/bin/gmake cmTC_b5b5a/fast && /usr/bin/gmake  -f CMakeFiles/cmTC_b5b5a.dir/build.make CMakeFiles/cmTC_b5b5a.dir/build
gmake[1]: Entering directory '/home/ekin/Projects/ICE/build/CMakeFiles/CMakeTmp'
Building C object CMakeFiles/cmTC_b5b5a.dir/src.c.o
/usr/bin/cc   -g -O3 -idirafter "/home/ekin/Projects/ICE/extern/SDL2/src/video/khronos" -DHAVE_VIDEO_VIVANTE_EGL_FB -o CMakeFiles/cmTC_b5b5a.dir/src.c.o -c /home/ekin/Projects/ICE/build/CMakeFiles/CMakeTmp/src.c
/home/ekin/Projects/ICE/build/CMakeFiles/CMakeTmp/src.c:4:18: fatal error: EGL/eglvivante.h: No such file or directory
    4 |         #include <EGL/eglvivante.h>
      |                  ^~~~~~~~~~~~~~~~~~
compilation terminated.
gmake[1]: *** [CMakeFiles/cmTC_b5b5a.dir/build.make:85: CMakeFiles/cmTC_b5b5a.dir/src.c.o] Error 1
gmake[1]: Leaving directory '/home/ekin/Projects/ICE/build/CMakeFiles/CMakeTmp'
gmake: *** [Makefile:140: cmTC_b5b5a/fast] Error 2


Source file was:

        #define LINUX
        #define EGL_API_FB
        #include <EGL/eglvivante.h>
        int main(int argc, char** argv) {}
Determining if files pthread_np.h exist failed with the following output:
Change Dir: /home/ekin/Projects/ICE/build/CMakeFiles/CMakeTmp

Run Build Command(s):/usr/bin/gmake cmTC_727df/fast && /usr/bin/gmake  -f CMakeFiles/cmTC_727df.dir/build.make CMakeFiles/cmTC_727df.dir/build
gmake[1]: Entering directory '/home/ekin/Projects/ICE/build/CMakeFiles/CMakeTmp'
Building C object CMakeFiles/cmTC_727df.dir/HAVE_PTHREAD_NP_H.c.o
/usr/bin/cc   -g -O3 -idirafter "/home/ekin/Projects/ICE/extern/SDL2/src/video/khronos"   -D_REENTRANT -pthread -o CMakeFiles/cmTC_727df.dir/HAVE_PTHREAD_NP_H.c.o -c /home/ekin/Projects/ICE/build/CMakeFiles/CheckIncludeFiles/HAVE_PTHREAD_NP_H.c
/home/ekin/Projects/ICE/build/CMakeFiles/CheckIncludeFiles/HAVE_PTHREAD_NP_H.c:2:10: fatal error: pthread_np.h: No such file or directory
    2 | #include <pthread_np.h>
      |          ^~~~~~~~~~~~~~
compilation terminated.
gmake[1]: *** [CMakeFiles/cmTC_727df.dir/build.make:85: CMakeFiles/cmTC_727df.dir/HAVE_PTHREAD_NP_H.c.o] Error 1
gmake[1]: Leaving directory '/home/ekin/Projects/ICE/build/CMakeFiles/CMakeTmp'
gmake: *** [Makefile:140: cmTC_727df/fast] Error 2


Source:
/* */
#include <pthread_np.h>


int main(void){return 0;}

Determining if the pthread_setname_np exist failed with the following output:
Change Dir: /home/ekin/Projects/ICE/build/CMakeFiles/CMakeTmp

Run Build Command(s):/usr/bin/gmake cmTC_8f6aa/fast && /usr/bin/gmake  -f CMakeFiles/cmTC_8f6aa.dir/build.make CMakeFiles/cmTC_8f6aa.dir/build
gmake[1]: Entering directory '/home/ekin/Projects/ICE/build/CMakeFiles/CMakeTmp'
Building C object CMakeFiles/cmTC_8f6aa.dir/CheckSymbolExists.c.o
/usr/bin/cc   -g -O3 -idirafter "/home/ekin/Projects/ICE/extern/SDL2/src/video/khronos"   -D_REENTRANT -pthread -o CMakeFiles/cmTC_8f6aa.dir/CheckSymbolExists.c.o -c /home/ekin/Projects/ICE/build/CMakeFiles/CMakeTmp/CheckSymbolExists.c
/home/ekin/Projects/ICE/build/CMakeFiles/CMakeTmp/CheckSymbolExists.c: In function ‘main’:
/home/ekin/Projects/ICE/build/CMakeFiles/CMakeTmp/CheckSymbolExists.c:8:19: error: ‘pthread_setname_np’ undeclared (first use in this function); did you mean ‘pthread_setcanceltype’?
    8 |   return ((int*)(&pthread_setname_np))[argc];
      |                   ^~~~~~~~~~~~~~~~~~
      |                   pthread_setcanceltype
/home/ekin/Projects/ICE/build/CMakeFiles/CMakeTmp/CheckSymbolExists.c:8:19: note: each undeclared identifier is reported only once for each function it appears in
gmake[1]: *** [CMakeFiles/cmTC_8f6aa.dir/build.make:85: CMakeFiles/cmTC_8f6aa.dir/CheckSymbolExists.c.o] Error 1
gmake[1]: Leaving directory '/home/ekin/Projects/ICE/build/CMakeFiles/CMakeTmp'
gmake: *** [Makefile:140: cmTC_8f6aa/fast] Error 2


File /home/ekin/Projects/ICE/build/CMakeFiles/CMakeTmp/CheckSymbolExists.c:
/* */
#include <pthread.h>

int main(int argc, char** argv)
{
  (void)argv;
#ifndef pthread_setname_np
  return ((int*)(&pthread_setname_np))[argc];
#else
  (void)argc;
  return 0;
#endif
}
